15:52:25.191 [main] DEBUG com.intuit.karate.Suite - [config] classpath:karate-config.js
15:52:26.096 [main] INFO  com.intuit.karate - karate.env system property was: null 
15:52:26.558 [main] DEBUG com.intuit.karate - request:
1 > POST https://petstore.swagger.io/v2/pet
1 > Content-Type: application/json; charset=UTF-8
1 > Content-Length: 145
1 > Host: petstore.swagger.io
1 > Connection: Keep-Alive
1 > User-Agent: Apache-HttpClient/4.5.13 (Java/11)
1 > Accept-Encoding: gzip,deflate
{"id":987,"category":{"id":0,"name":"string"},"name":"Alan Parson","photoUrls":["string"],"tags":[{"id":0,"name":"string"}],"status":"available"}

15:52:27.148 [main] DEBUG com.intuit.karate - response time in milliseconds: 586
1 < 200
1 < Date: Mon, 14 Nov 2022 14:52:25 GMT
1 < Content-Type: application/json
1 < Transfer-Encoding: chunked
1 < Connection: keep-alive
1 < Access-Control-Allow-Origin: *
1 < Access-Control-Allow-Methods: GET, POST, DELETE, PUT
1 < Access-Control-Allow-Headers: Content-Type, api_key, Authorization
1 < Server: Jetty(9.2.9.v20150224)
{"id":987,"category":{"id":0,"name":"string"},"name":"Alan Parson","photoUrls":["string"],"tags":[{"id":0,"name":"string"}],"status":"available"}

15:52:27.170 [main] DEBUG com.intuit.karate - request:
2 > GET https://petstore.swagger.io/v2/pet/987
2 > Host: petstore.swagger.io
2 > Connection: Keep-Alive
2 > User-Agent: Apache-HttpClient/4.5.13 (Java/11)
2 > Accept-Encoding: gzip,deflate


15:52:27.593 [main] DEBUG com.intuit.karate - response time in milliseconds: 422
2 < 200
2 < Date: Mon, 14 Nov 2022 14:52:26 GMT
2 < Content-Type: application/json
2 < Transfer-Encoding: chunked
2 < Connection: keep-alive
2 < Access-Control-Allow-Origin: *
2 < Access-Control-Allow-Methods: GET, POST, DELETE, PUT
2 < Access-Control-Allow-Headers: Content-Type, api_key, Authorization
2 < Server: Jetty(9.2.9.v20150224)
{"id":987,"category":{"id":0,"name":"string"},"name":"Alan Parson","photoUrls":["string"],"tags":[{"id":0,"name":"string"}],"status":"available"}

15:52:27.610 [main] INFO  com.intuit.karate - karate.env system property was: null 
15:52:27.619 [main] DEBUG com.intuit.karate - request:
1 > PUT https://petstore.swagger.io/v2/pet
1 > Content-Type: application/json; charset=UTF-8
1 > Content-Length: 147
1 > Host: petstore.swagger.io
1 > Connection: Keep-Alive
1 > User-Agent: Apache-HttpClient/4.5.13 (Java/11)
1 > Accept-Encoding: gzip,deflate
{"id":987,"category":{"id":0,"name":"string"},"name":"Mike Oldfield","photoUrls":["string"],"tags":[{"id":0,"name":"string"}],"status":"available"}

15:52:28.037 [main] DEBUG com.intuit.karate - response time in milliseconds: 418
1 < 200
1 < Date: Mon, 14 Nov 2022 14:52:26 GMT
1 < Content-Type: application/json
1 < Transfer-Encoding: chunked
1 < Connection: keep-alive
1 < Access-Control-Allow-Origin: *
1 < Access-Control-Allow-Methods: GET, POST, DELETE, PUT
1 < Access-Control-Allow-Headers: Content-Type, api_key, Authorization
1 < Server: Jetty(9.2.9.v20150224)
{"id":987,"category":{"id":0,"name":"string"},"name":"Mike Oldfield","photoUrls":["string"],"tags":[{"id":0,"name":"string"}],"status":"available"}

15:52:28.042 [main] DEBUG com.intuit.karate - request:
2 > GET https://petstore.swagger.io/v2/pet/987
2 > Host: petstore.swagger.io
2 > Connection: Keep-Alive
2 > User-Agent: Apache-HttpClient/4.5.13 (Java/11)
2 > Accept-Encoding: gzip,deflate


15:52:28.490 [main] DEBUG com.intuit.karate - response time in milliseconds: 447
2 < 200
2 < Date: Mon, 14 Nov 2022 14:52:27 GMT
2 < Content-Type: application/json
2 < Transfer-Encoding: chunked
2 < Connection: keep-alive
2 < Access-Control-Allow-Origin: *
2 < Access-Control-Allow-Methods: GET, POST, DELETE, PUT
2 < Access-Control-Allow-Headers: Content-Type, api_key, Authorization
2 < Server: Jetty(9.2.9.v20150224)
{"id":987,"category":{"id":0,"name":"string"},"name":"Mike Oldfield","photoUrls":["string"],"tags":[{"id":0,"name":"string"}],"status":"available"}

15:52:28.500 [main] INFO  com.intuit.karate - karate.env system property was: null 
15:52:28.508 [main] DEBUG com.intuit.karate - request:
1 > GET https://petstore.swagger.io/v2/pet/987
1 > Host: petstore.swagger.io
1 > Connection: Keep-Alive
1 > User-Agent: Apache-HttpClient/4.5.13 (Java/11)
1 > Accept-Encoding: gzip,deflate


15:52:28.928 [main] DEBUG com.intuit.karate - response time in milliseconds: 419
1 < 200
1 < Date: Mon, 14 Nov 2022 14:52:27 GMT
1 < Content-Type: application/json
1 < Transfer-Encoding: chunked
1 < Connection: keep-alive
1 < Access-Control-Allow-Origin: *
1 < Access-Control-Allow-Methods: GET, POST, DELETE, PUT
1 < Access-Control-Allow-Headers: Content-Type, api_key, Authorization
1 < Server: Jetty(9.2.9.v20150224)
{"id":987,"category":{"id":0,"name":"string"},"name":"Mike Oldfield","photoUrls":["string"],"tags":[{"id":0,"name":"string"}],"status":"available"}

15:52:28.968 [main] INFO  com.intuit.karate - karate.env system property was: null 
15:52:28.973 [main] DEBUG com.intuit.karate - request:
1 > DELETE https://petstore.swagger.io/v2/pet/987
1 > Host: petstore.swagger.io
1 > Connection: Keep-Alive
1 > User-Agent: Apache-HttpClient/4.5.13 (Java/11)
1 > Accept-Encoding: gzip,deflate


15:52:29.389 [main] DEBUG com.intuit.karate - response time in milliseconds: 416
1 < 200
1 < Date: Mon, 14 Nov 2022 14:52:28 GMT
1 < Content-Type: application/json
1 < Transfer-Encoding: chunked
1 < Connection: keep-alive
1 < Access-Control-Allow-Origin: *
1 < Access-Control-Allow-Methods: GET, POST, DELETE, PUT
1 < Access-Control-Allow-Headers: Content-Type, api_key, Authorization
1 < Server: Jetty(9.2.9.v20150224)
{"code":200,"type":"unknown","message":"987"}

15:52:29.393 [main] DEBUG com.intuit.karate - request:
2 > DELETE https://petstore.swagger.io/v2/pet
2 > Host: petstore.swagger.io
2 > Connection: Keep-Alive
2 > User-Agent: Apache-HttpClient/4.5.13 (Java/11)
2 > Accept-Encoding: gzip,deflate


15:52:29.802 [main] DEBUG com.intuit.karate - response time in milliseconds: 408
2 < 405
2 < Date: Mon, 14 Nov 2022 14:52:28 GMT
2 < Content-Type: application/xml
2 < Content-Length: 102
2 < Connection: keep-alive
2 < Access-Control-Allow-Origin: *
2 < Access-Control-Allow-Methods: GET, POST, DELETE, PUT
2 < Access-Control-Allow-Headers: Content-Type, api_key, Authorization
2 < Server: Jetty(9.2.9.v20150224)
<?xml version="1.0" encoding="UTF-8" standalone="yes"?><apiResponse><type>unknown</type></apiResponse>

15:52:30.603 [main] INFO  com.intuit.karate.Suite - <<pass>> feature 1 of 1 (0 remaining) classpath:examples/petstore/petstore.feature
